
ASEM-51 V1.3                                         Copyright (c) 2002 by W.W. Heinz                                         PAGE 1





       MCS-51 Family Macro Assembler   A S E M - 5 1   V 1.3
       =====================================================



	Source File:	PRT04.ASM
	Object File:	PRT04.hex
	List File:	PRT04.lst



 Line  I  Addr  Code            Source

    1:				;---------------------------------------------------
    2:	  0000	75 81 3F	INICIO:		MOV		SP,#03Fh
    3:	  0003	7A 00				MOV		R2,#0
    4:	  0005	90 00 21			MOV		DPTR,#TABELA
    5:	  0008	EA		MAIN:		MOV		A,R2
    6:	  0009	93				MOVC		A,@A+DPTR
    7:	  000A	0A				INC		R2
    8:	  000B	B4 00 04			CJNE		A,#0,FIM
    9:	  000E	7A 00				MOV		R2,#0
   10:	  0010	01 16				AJMP		FORA
   11:	  0012	F5 A0		FIM:		MOV		P2,A
   12:	  0014	11 18				ACALL		TEMPO
   13:	  0016	01 08		FORA:		AJMP		MAIN
   14:				;---------------------------------------------------
   15:	  0018	78 FF		TEMPO:		MOV		R0,#0FFh
   16:	  001A	79 FF		VOLTA:		MOV		R1,#0FFh
   17:	  001C	D9 FE				DJNZ		R1,$
   18:	  001E	D8 FA				DJNZ		R0,VOLTA
   19:	  0020	22				RET
   20:				;---------------------------------------------------
   21:	  0021	01 02 04 08	TABELA:	DB	001h, 002h, 004h, 008h, 0
	  0025	00
   22:				;---------------------------------------------------
   23:						END





                     register banks used:  ---

                     no errors




ASEM-51 V1.3                                         Copyright (c) 2002 by W.W. Heinz                                         PAGE 2





	       L I S T   O F   S Y M B O L S
	       =============================


SYMBOL				  TYPE     VALUE	LINE
------------------------------------------------------------
??ASEM_51			  NUMBER    8051
??VERSION			  NUMBER    0130
AC				  BIT	      D6
ACC				  DATA	      E0
B				  DATA	      F0
CY				  BIT	      D7
DPH				  DATA	      83
DPL				  DATA	      82
EA				  BIT	      AF
ES				  BIT	      AC
ET0				  BIT	      A9
ET1				  BIT	      AB
EX0				  BIT	      A8
EX1				  BIT	      AA
EXTI0				  CODE	    0003
EXTI1				  CODE	    0013
F0				  BIT	      D5
FIM				  CODE	    0012	  11
FORA				  CODE	    0016	  13
IE				  DATA	      A8
IE0				  BIT	      89
IE1				  BIT	      8B
INICIO				  CODE	    0000	   2
INT0				  BIT	      B2
INT1				  BIT	      B3
IP				  DATA	      B8
IT0				  BIT	      88
IT1				  BIT	      8A
MAIN				  CODE	    0008	   5
OV				  BIT	      D2
P				  BIT	      D0
P0				  DATA	      80
P1				  DATA	      90
P2				  DATA	      A0
P3				  DATA	      B0
PCON				  DATA	      87
PS				  BIT	      BC
PSW				  DATA	      D0
PT0				  BIT	      B9
PT1				  BIT	      BB
PX0				  BIT	      B8
PX1				  BIT	      BA
RB8				  BIT	      9A
RD				  BIT	      B7
REN				  BIT	      9C
RESET				  CODE	    0000
RI				  BIT	      98
RS0				  BIT	      D3
RS1				  BIT	      D4
RXD				  BIT	      B0

ASEM-51 V1.3                                         Copyright (c) 2002 by W.W. Heinz                                         PAGE 3



SYMBOL				  TYPE     VALUE	LINE
------------------------------------------------------------
SBUF				  DATA	      99
SCON				  DATA	      98
SINT				  CODE	    0023
SM0				  BIT	      9F
SM1				  BIT	      9E
SM2				  BIT	      9D
SP				  DATA	      81
T0				  BIT	      B4
T1				  BIT	      B5
TABELA				  CODE	    0021	  21
TB8				  BIT	      9B
TCON				  DATA	      88
TEMPO				  CODE	    0018	  15
TF0				  BIT	      8D
TF1				  BIT	      8F
TH0				  DATA	      8C
TH1				  DATA	      8D
TI				  BIT	      99
TIMER0				  CODE	    000B
TIMER1				  CODE	    001B
TL0				  DATA	      8A
TL1				  DATA	      8B
TMOD				  DATA	      89
TR0				  BIT	      8C
TR1				  BIT	      8E
TXD				  BIT	      B1
VOLTA				  CODE	    001A	  16
WR				  BIT	      B6
