
ASEM-51 V1.2                                         Copyright (c) 1996 by W.W. Heinz                                         PAGE 1





       MCS-51 Family Cross Assembler   A S E M - 5 1   V 1.2
       =====================================================



	Source File:	PISCA.ASM
	Object File:	PISCA.HEX
	List File:	PISCA.LST



 Line  I  Addr  Code            Source

    1:		N      0000	ORG 00H
    2:	  0000	01 0D		AJMP INICIO
    3:		N      0003	ORG 03H
    4:	  0003	01 25		AJMP EXT0
    5:		N      000B	ORG 0BH
    6:	  000B	01 28		AJMP TIM_0
    7:
    8:
    9:	  000D	75 81 2F	INICIO:	MOV SP,#2FH
   10:
   11:	  0010	75 A8 83	 	MOV IE,#83H
   12:	  0013	75 B8 02	        MOV IP,#02H
   13:
   14:	  0016	75 89 01	        MOV TMOD,#01H
   15:	  0019	75 8C 3C		MOV TH0,#03CH
   16:	  001C	75 8A B0		MOV TL0,#0B0H
   17:	  001F	D2 8C			SETB TR0
   18:	  0021	C2 88			CLR IT0
   19:
   20:	  0023			MAIN:
   21:
   22:	  0023	01 23			AJMP	MAIN
   23:
   24:
   25:	  0025			EXT0:
   26:	  0025	C2 A0			CLR  P2.0
   27:	  0027	32			RETI
   28:
   29:	  0028			TIM_0:
   30:	  0028	B2 A0			CPL P2.0
   31:	  002A	75 8C 3C		MOV TH0,#03CH
   32:	  002D	75 8A B0		MOV TL0,#0B0H
   33:	  0030	32			RETI
   34:				END





                     register banks used:  ---

                     no errors


ASEM-51 V1.2                                         Copyright (c) 1996 by W.W. Heinz                                         PAGE 2






ASEM-51 V1.2                                         Copyright (c) 1996 by W.W. Heinz                                         PAGE 3





	       L I S T   O F   S Y M B O L S
	       =============================


SYMBOL				  TYPE     VALUE	LINE
------------------------------------------------------------
AC				  BIT	      D6
ACC				  DATA	      E0
B				  DATA	      F0
CY				  BIT	      D7
DPH				  DATA	      83
DPL				  DATA	      82
EA				  BIT	      AF
ES				  BIT	      AC
ET0				  BIT	      A9
ET1				  BIT	      AB
EX0				  BIT	      A8
EX1				  BIT	      AA
EXT0				  CODE	    0025	  25
EXTI0				  CODE	    0003
EXTI1				  CODE	    0013
F0				  BIT	      D5
IE				  DATA	      A8
IE0				  BIT	      89
IE1				  BIT	      8B
INICIO				  CODE	    000D	   9
INT0				  BIT	      B2
INT1				  BIT	      B3
IP				  DATA	      B8
IT0				  BIT	      88
IT1				  BIT	      8A
MAIN				  CODE	    0023	  20
OV				  BIT	      D2
P				  BIT	      D0
P0				  DATA	      80
P1				  DATA	      90
P2				  DATA	      A0
P3				  DATA	      B0
PCON				  DATA	      87
PS				  BIT	      BC
PSW				  DATA	      D0
PT0				  BIT	      B9
PT1				  BIT	      BB
PX0				  BIT	      B8
PX1				  BIT	      BA
RB8				  BIT	      9A
RD				  BIT	      B7
REN				  BIT	      9C
RESET				  CODE	    0000
RI				  BIT	      98
RS0				  BIT	      D3
RS1				  BIT	      D4
RXD				  BIT	      B0
SBUF				  DATA	      99
SCON				  DATA	      98
SINT				  CODE	    0023

ASEM-51 V1.2                                         Copyright (c) 1996 by W.W. Heinz                                         PAGE 4



SYMBOL				  TYPE     VALUE	LINE
------------------------------------------------------------
SM0				  BIT	      9F
SM1				  BIT	      9E
SM2				  BIT	      9D
SP				  DATA	      81
T0				  BIT	      B4
T1				  BIT	      B5
TB8				  BIT	      9B
TCON				  DATA	      88
TF0				  BIT	      8D
TF1				  BIT	      8F
TH0				  DATA	      8C
TH1				  DATA	      8D
TI				  BIT	      99
TIMER0				  CODE	    000B
TIMER1				  CODE	    001B
TIM_0				  CODE	    0028	  29
TL0				  DATA	      8A
TL1				  DATA	      8B
TMOD				  DATA	      89
TR0				  BIT	      8C
TR1				  BIT	      8E
TXD				  BIT	      B1
WR				  BIT	      B6
