
ASEM-51 V1.2                                         Copyright (c) 1996 by W.W. Heinz                                         PAGE 1





       MCS-51 Family Cross Assembler   A S E M - 5 1   V 1.2
       =====================================================



	Source File:	PRAT01.ASM
	Object File:	PRAT01.HEX
	List File:	PRAT01.LST



 Line  I  Addr  Code            Source

    1:				;-------------------------------------------------------------------------------------------
    2:				;MECATRONICA INDUSTRIAL		MICROCONTROLADORES
    3:				;DOUGLAS LIMA BENEVIDES
    4:				;PRATICA - 01 			SEQUENCIA DE LEDS
    5:				;22/02/2010			22/02/2010
    6:				;-------------------------------------------------------------------------------------------
    7:		D      00A0	SAIDA		EQU		P2
    8:		B      00B2	CH		EQU		P3.2
    9:				;-------------------------------------------------------------------------------------------
   10:	  0000	75 81 3F	INICIO:		MOV		SP,#03Fh
   11:	  0003	74 FE				MOV		A,#0FEh
   12:
   13:	  0005	30 B2 07	MAIN1:		JNB		CH,MAIN2
   14:	  0008	23				RL		A
   15:	  0009	F5 A0				MOV		SAIDA,A
   16:	  000B	11 19				ACALL		DELAY
   17:	  000D	01 05				AJMP		MAIN1
   18:
   19:	  000F	30 B2 F3	MAIN2:		JNB		CH,MAIN1
   20:	  0012	03				RR		A
   21:	  0013	F5 A0				MOV		SAIDA,A
   22:	  0015	11 19				ACALL		DELAY
   23:	  0017	01 0F				AJMP		MAIN2
   24:				;-------------------------------------------------------------------------------------------
   25:	  0019	78 FF		DELAY:		MOV		R0,#0FFh
   26:	  001B	79 FF		VOLTA:		MOV		R1,#0FFh
   27:	  001D	D9 FE				DJNZ		R1,$
   28:	  001F	D8 FA				DJNZ		R0,VOLTA
   29:	  0021	22				RET
   30:				;-------------------------------------------------------------------------------------------
   31:						END





                     register banks used:  ---

                     no errors




ASEM-51 V1.2                                         Copyright (c) 1996 by W.W. Heinz                                         PAGE 2





	       L I S T   O F   S Y M B O L S
	       =============================


SYMBOL				  TYPE     VALUE	LINE
------------------------------------------------------------
AC				  BIT	      D6
ACC				  DATA	      E0
B				  DATA	      F0
CH				  NUMBER    00B2	   8
CY				  BIT	      D7
DELAY				  CODE	    0019	  25
DPH				  DATA	      83
DPL				  DATA	      82
EA				  BIT	      AF
ES				  BIT	      AC
ET0				  BIT	      A9
ET1				  BIT	      AB
EX0				  BIT	      A8
EX1				  BIT	      AA
EXTI0				  CODE	    0003
EXTI1				  CODE	    0013
F0				  BIT	      D5
IE				  DATA	      A8
IE0				  BIT	      89
IE1				  BIT	      8B
INICIO				  CODE	    0000	  10
INT0				  BIT	      B2
INT1				  BIT	      B3
IP				  DATA	      B8
IT0				  BIT	      88
IT1				  BIT	      8A
MAIN1				  CODE	    0005	  13
MAIN2				  CODE	    000F	  19
OV				  BIT	      D2
P				  BIT	      D0
P0				  DATA	      80
P1				  DATA	      90
P2				  DATA	      A0
P3				  DATA	      B0
PCON				  DATA	      87
PS				  BIT	      BC
PSW				  DATA	      D0
PT0				  BIT	      B9
PT1				  BIT	      BB
PX0				  BIT	      B8
PX1				  BIT	      BA
RB8				  BIT	      9A
RD				  BIT	      B7
REN				  BIT	      9C
RESET				  CODE	    0000
RI				  BIT	      98
RS0				  BIT	      D3
RS1				  BIT	      D4
RXD				  BIT	      B0
SAIDA				  NUMBER    00A0	   7

ASEM-51 V1.2                                         Copyright (c) 1996 by W.W. Heinz                                         PAGE 3



SYMBOL				  TYPE     VALUE	LINE
------------------------------------------------------------
SBUF				  DATA	      99
SCON				  DATA	      98
SINT				  CODE	    0023
SM0				  BIT	      9F
SM1				  BIT	      9E
SM2				  BIT	      9D
SP				  DATA	      81
T0				  BIT	      B4
T1				  BIT	      B5
TB8				  BIT	      9B
TCON				  DATA	      88
TF0				  BIT	      8D
TF1				  BIT	      8F
TH0				  DATA	      8C
TH1				  DATA	      8D
TI				  BIT	      99
TIMER0				  CODE	    000B
TIMER1				  CODE	    001B
TL0				  DATA	      8A
TL1				  DATA	      8B
TMOD				  DATA	      89
TR0				  BIT	      8C
TR1				  BIT	      8E
TXD				  BIT	      B1
VOLTA				  CODE	    001B	  26
WR				  BIT	      B6
