
ASEM-51 V1.2                                         Copyright (c) 1996 by W.W. Heinz                                         PAGE 1





       MCS-51 Family Cross Assembler   A S E M - 5 1   V 1.2
       =====================================================



	Source File:	PRT001.ASM
	Object File:	PRT001.HEX
	List File:	PRT001.LST



 Line  I  Addr  Code            Source

    1:				;-------------------------------------------------------------------------------------------
    2:				;MECATRONICA INDUSTRIAL		MICROCONTROLADORES
    3:				;DOUGLAS LIMA BENEVIDES
    4:				;PRATICA - 01 			SEQUENCIA DE LEDS
    5:				;07/02/2010			07/02/2010
    6:				;-------------------------------------------------------------------------------------------
    7:		N      0000			ORG		000h
    8:	  0000	01 1D				AJMP		INICIO
    9:		N      0003			ORG		003h
   10:	  0003	01 2F				AJMP		INT_0
   11:		N      000B			ORG		00Bh
   12:	  000B	01 3B				AJMP		TIM_0
   13:		N      0013			ORG		013h
   14:	  0013	01 35				AJMP		INT_1
   15:		N      001B			ORG		01Bh
   16:	  001B	01 3C				AJMP		TIM_1
   17:				;-------------------------------------------------------------------------------------------
   18:		D      00A0	LINHA		EQU		P2
   19:				;-------------------------------------------------------------------------------------------
   20:	  001D	75 81 2F	INICIO:		MOV		SP,#02Fh
   21:	  0020	75 A0 FE			MOV		LINHA,#0FEh
   22:
   23:	  0023	75 A8 85			MOV		IE,#085h
   24:	  0026	75 B8 05			MOV		IP,#005h
   25:
   26:	  0029	D2 88				SETB		IT0
   27:	  002B	D2 8A				SETB		IT1
   28:				;-------------------------------------------------------------------------------------------
   29:	  002D			MAIN:
   30:	  002D	01 2D				AJMP		MAIN
   31:				;-------------------------------------------------------------------------------------------
   32:	  002F	E5 A0		INT_0:		MOV		A,LINHA
   33:	  0031	03				RR		A
   34:	  0032	F5 A0				MOV		LINHA,A
   35:	  0034	32				RETI
   36:				;-------------------------------------------------------------------------------------------
   37:	  0035	E5 A0		INT_1:		MOV		A,LINHA
   38:	  0037	23				RL		A
   39:	  0038	F5 A0				MOV		LINHA,A
   40:	  003A	32				RETI
   41:				;-------------------------------------------------------------------------------------------
   42:	  003B			TIM_0:
   43:	  003B	32				RETI

ASEM-51 V1.2                                         Copyright (c) 1996 by W.W. Heinz                                         PAGE 2



 Line  I  Addr  Code            Source

   44:				;-------------------------------------------------------------------------------------------
   45:	  003C			TIM_1:
   46:	  003C	32				RETI
   47:				;-------------------------------------------------------------------------------------------
   48:	  003D	78 FF		TEMPO:		MOV		R0,#0FFh
   49:	  003F	79 FF		VOLTA:		MOV		R1,#0FFh
   50:	  0041	D9 FE				DJNZ		R1,$
   51:	  0043	D8 FA				DJNZ		R0,VOLTA
   52:	  0045	22				RET
   53:				;-------------------------------------------------------------------------------------------
   54:						END





                     register banks used:  ---

                     no errors




ASEM-51 V1.2                                         Copyright (c) 1996 by W.W. Heinz                                         PAGE 3





	       L I S T   O F   S Y M B O L S
	       =============================


SYMBOL				  TYPE     VALUE	LINE
------------------------------------------------------------
AC				  BIT	      D6
ACC				  DATA	      E0
B				  DATA	      F0
CY				  BIT	      D7
DPH				  DATA	      83
DPL				  DATA	      82
EA				  BIT	      AF
ES				  BIT	      AC
ET0				  BIT	      A9
ET1				  BIT	      AB
EX0				  BIT	      A8
EX1				  BIT	      AA
EXTI0				  CODE	    0003
EXTI1				  CODE	    0013
F0				  BIT	      D5
IE				  DATA	      A8
IE0				  BIT	      89
IE1				  BIT	      8B
INICIO				  CODE	    001D	  20
INT0				  BIT	      B2
INT1				  BIT	      B3
INT_0				  CODE	    002F	  32
INT_1				  CODE	    0035	  37
IP				  DATA	      B8
IT0				  BIT	      88
IT1				  BIT	      8A
LINHA				  NUMBER    00A0	  18
MAIN				  CODE	    002D	  29
OV				  BIT	      D2
P				  BIT	      D0
P0				  DATA	      80
P1				  DATA	      90
P2				  DATA	      A0
P3				  DATA	      B0
PCON				  DATA	      87
PS				  BIT	      BC
PSW				  DATA	      D0
PT0				  BIT	      B9
PT1				  BIT	      BB
PX0				  BIT	      B8
PX1				  BIT	      BA
RB8				  BIT	      9A
RD				  BIT	      B7
REN				  BIT	      9C
RESET				  CODE	    0000
RI				  BIT	      98
RS0				  BIT	      D3
RS1				  BIT	      D4
RXD				  BIT	      B0
SBUF				  DATA	      99

ASEM-51 V1.2                                         Copyright (c) 1996 by W.W. Heinz                                         PAGE 4



SYMBOL				  TYPE     VALUE	LINE
------------------------------------------------------------
SCON				  DATA	      98
SINT				  CODE	    0023
SM0				  BIT	      9F
SM1				  BIT	      9E
SM2				  BIT	      9D
SP				  DATA	      81
T0				  BIT	      B4
T1				  BIT	      B5
TB8				  BIT	      9B
TCON				  DATA	      88
TEMPO				  CODE	    003D	  48
TF0				  BIT	      8D
TF1				  BIT	      8F
TH0				  DATA	      8C
TH1				  DATA	      8D
TI				  BIT	      99
TIMER0				  CODE	    000B
TIMER1				  CODE	    001B
TIM_0				  CODE	    003B	  42
TIM_1				  CODE	    003C	  45
TL0				  DATA	      8A
TL1				  DATA	      8B
TMOD				  DATA	      89
TR0				  BIT	      8C
TR1				  BIT	      8E
TXD				  BIT	      B1
VOLTA				  CODE	    003F	  49
WR				  BIT	      B6
