
ASEM-51 V1.2                                         Copyright (c) 1996 by W.W. Heinz                                         PAGE 1





       MCS-51 Family Cross Assembler   A S E M - 5 1   V 1.2
       =====================================================



	Source File:	PRT_01.ASM
	Object File:	PRT_01.HEX
	List File:	PRT_01.LST



 Line  I  Addr  Code            Source

    1:		D      00A0	LIN       EQU      P2
    2:		B      00B2	CH        EQU      P3.2
    3:				;-----------------------------------------------
    4:	  0000	75 A0 FE	INICIO:    MOV      LIN,#0FEh
    5:	  0003	30 B2 FD	ROT_1:     JNB      CH,$
    6:	  0006	E5 A0		           MOV      A,LIN
    7:	  0008	23		           RL       A
    8:	  0009	11 23		           ACALL    TEMPO
    9:	  000B	F5 A0		           MOV      LIN,A
   10:	  000D	A2 B7		           MOV      C,P3.7
   11:	  000F	50 02		           JNC      ROT_2
   12:	  0011	01 03		           AJMP     ROT_1
   13:
   14:	  0013	30 B2 FD	ROT_2:	   JNB      CH,$
   15:	  0016	E5 A0		           MOV      A,LIN
   16:	  0018	03		           RR       A
   17:	  0019	11 23		           ACALL    TEMPO
   18:	  001B	F5 A0		           MOV      LIN,A
   19:	  001D	A2 B0		           MOV      C,P3.0
   20:	  001F	50 E2		           JNC      ROT_1
   21:	  0021	01 13		           AJMP     ROT_2
   22:
   23:				;-----------------------------------------------
   24:	  0023	78 FF		TEMPO:   MOV    R0,#0FFh
   25:	  0025	79 FF		VOLTA:   MOV    R1,#0FFh
   26:	  0027	D9 FE		         DJNZ   R1,$
   27:	  0029	D8 FA		         DJNZ   R0,VOLTA
   28:	  002B	22		         RET
   29:				;-----------------------------------------------
   30:					END





                     register banks used:  ---

                     no errors




ASEM-51 V1.2                                         Copyright (c) 1996 by W.W. Heinz                                         PAGE 2





	       L I S T   O F   S Y M B O L S
	       =============================


SYMBOL				  TYPE     VALUE	LINE
------------------------------------------------------------
AC				  BIT	      D6
ACC				  DATA	      E0
B				  DATA	      F0
CH				  NUMBER    00B2	   2
CY				  BIT	      D7
DPH				  DATA	      83
DPL				  DATA	      82
EA				  BIT	      AF
ES				  BIT	      AC
ET0				  BIT	      A9
ET1				  BIT	      AB
EX0				  BIT	      A8
EX1				  BIT	      AA
EXTI0				  CODE	    0003
EXTI1				  CODE	    0013
F0				  BIT	      D5
IE				  DATA	      A8
IE0				  BIT	      89
IE1				  BIT	      8B
INICIO				  CODE	    0000	   4
INT0				  BIT	      B2
INT1				  BIT	      B3
IP				  DATA	      B8
IT0				  BIT	      88
IT1				  BIT	      8A
LIN				  NUMBER    00A0	   1
OV				  BIT	      D2
P				  BIT	      D0
P0				  DATA	      80
P1				  DATA	      90
P2				  DATA	      A0
P3				  DATA	      B0
PCON				  DATA	      87
PS				  BIT	      BC
PSW				  DATA	      D0
PT0				  BIT	      B9
PT1				  BIT	      BB
PX0				  BIT	      B8
PX1				  BIT	      BA
RB8				  BIT	      9A
RD				  BIT	      B7
REN				  BIT	      9C
RESET				  CODE	    0000
RI				  BIT	      98
ROT_1				  CODE	    0003	   5
ROT_2				  CODE	    0013	  14
RS0				  BIT	      D3
RS1				  BIT	      D4
RXD				  BIT	      B0
SBUF				  DATA	      99

ASEM-51 V1.2                                         Copyright (c) 1996 by W.W. Heinz                                         PAGE 3



SYMBOL				  TYPE     VALUE	LINE
------------------------------------------------------------
SCON				  DATA	      98
SINT				  CODE	    0023
SM0				  BIT	      9F
SM1				  BIT	      9E
SM2				  BIT	      9D
SP				  DATA	      81
T0				  BIT	      B4
T1				  BIT	      B5
TB8				  BIT	      9B
TCON				  DATA	      88
TEMPO				  CODE	    0023	  24
TF0				  BIT	      8D
TF1				  BIT	      8F
TH0				  DATA	      8C
TH1				  DATA	      8D
TI				  BIT	      99
TIMER0				  CODE	    000B
TIMER1				  CODE	    001B
TL0				  DATA	      8A
TL1				  DATA	      8B
TMOD				  DATA	      89
TR0				  BIT	      8C
TR1				  BIT	      8E
TXD				  BIT	      B1
VOLTA				  CODE	    0025	  25
WR				  BIT	      B6
