
ASEM-51 V1.3                                         Copyright (c) 2002 by W.W. Heinz                                         PAGE 1





       MCS-51 Family Macro Assembler   A S E M - 5 1   V 1.3
       =====================================================



	Source File:	Painel_2.ASM
	Object File:	Painel_2.hex
	List File:	Painel_2.lst



 Line  I  Addr  Code            Source

    1:		N      0000		ORG	00h
    2:	  0000	01 25			AJMP	INICIO
    3:		N      0003		ORG	03h
    4:	  0003	01 59			AJMP	INT_0
    5:		N      000B		ORG	0Bh
    6:	  000B	01 67			AJMP	TIM_0
    7:		N      0013		ORG	13h
    8:	  0013	01 73			AJMP	INT_1
    9:		N      001B		ORG	1Bh
   10:	  001B	01 74			AJMP	TIM_1
   11:		N      0023		ORG	23h
   12:	  0023	01 75			AJMP	SERIAL
   13:				;********************************************************************************
   14:		D      00A0		SAIDA	EQU	P2
   15:		D      0090		CNT	EQU	P1
   16:		N      0000		FLAG	EQU	00h
   17:				;********************************************************************************
   18:	  0025	75 81 2F	INICIO:	MOV	SP,#02Fh
   19:	  0028	75 A8 97		MOV	IE,#097h
   20:	  002B	75 B8 12		MOV	IP,#012h
   21:	  002E	75 98 50		MOV	SCON,#050h
   22:	  0031	75 8D E6		MOV	TH1,#0E6h
   23:	  0034	75 87 00		MOV	PCON,#00h
   24:	  0037	75 89 21		MOV	TMOD,#21h
   25:	  003A	D2 88			SETB	IT0
   26:	  003C	D2 8A			SETB	IT1
   27:	  003E	75 8C 3C		MOV	TH0,#03Ch
   28:	  0041	75 8A B0		MOV	TL0,#0B0h
   29:	  0044	7B 41			MOV	R3,#'A'
   30:	  0046	7C 00			MOV	R4,#00
   31:	  0048	7D 0A			MOV	R5,#10
   32:	  004A	11 98			ACALL	SELEC
   33:	  004C	C2 00			CLR	FLAG
   34:				;********************************************************************************
   35:	  004E	75 A0 FF	MAIN:	MOV	SAIDA,#0FFh
   36:	  0051	11 7A			ACALL	CNTRL
   37:	  0053	11 83			ACALL	DADO
   38:	  0055	11 8F			ACALL	DELAY
   39:	  0057	01 4E			AJMP	MAIN
   40:				;********************************************************************************
   41:	  0059	30 00 06	INT_0:	JNB	FLAG,PNT1
   42:	  005C	C2 00			CLR	FLAG
   43:	  005E	C2 8C			CLR	TR0

ASEM-51 V1.3                                         Copyright (c) 2002 by W.W. Heinz                                         PAGE 2



 Line  I  Addr  Code            Source

   44:	  0060	01 66			AJMP	FIIIM
   45:	  0062	D2 00		PNT1:	SETB	FLAG
   46:	  0064	D2 8C			SETB	TR0
   47:	  0066	32		FIIIM:	RETI
   48:				;********************************************************************************
   49:	  0067	DD 03		TIM_0:	DJNZ	R5,SAI
   50:	  0069	7D 02			MOV	R5,#2
   51:	  006B	1C			DEC	R4
   52:	  006C	75 8C 3C	SAI:	MOV	TH0,#03Ch
   53:	  006F	75 8A B0		MOV	TL0,#0B0h
   54:	  0072	32			RETI
   55:				;********************************************************************************
   56:	  0073			INT_1:
   57:	  0073	32			RETI
   58:				;********************************************************************************
   59:	  0074			TIM_1:
   60:	  0074	32			RETI
   61:				;********************************************************************************
   62:	  0075	AB 99		SERIAL:	MOV	R3,SBUF
   63:	  0077	C2 98			CLR	RI
   64:	  0079	32			RETI
   65:				;********************************************************************************
   66:	  007A	8C 90		CNTRL:	MOV	CNT,R4
   67:	  007C	0C			INC	R4
   68:	  007D	BC 08 02		CJNE	R4,#08h,NZ
   69:	  0080	7C 00			MOV	R4,#00
   70:	  0082	22		NZ:	RET
   71:				;********************************************************************************
   72:	  0083	74 00		DADO:	MOV	A,#00h
   73:	  0085	93			MOVC	A,@A+DPTR
   74:	  0086	60 04			JZ	FIM
   75:	  0088	F5 A0			MOV	SAIDA,A
   76:	  008A	A3			INC	DPTR
   77:	  008B	22			RET
   78:	  008C	11 98		FIM:	ACALL	SELEC
   79:	  008E	22			RET
   80:				;********************************************************************************
   81:	  008F	78 10		DELAY:	MOV	R0,#010h
   82:	  0091	79 10		VOLTA:	MOV	R1,#010h
   83:	  0093	D9 FE			DJNZ	R1,$
   84:	  0095	D8 FA			DJNZ	R0,VOLTA
   85:	  0097	22			RET
   86:				;********************************************************************************
   87:	  0098	BB 41 04	SELEC:	CJNE	R3,#'A',PT_B
   88:	  009B	90 01 4E		MOV	DPTR,#TAB_A
   89:	  009E	22			RET
   90:	  009F	BB 42 04	PT_B:	CJNE	R3,#'B',PT_C
   91:	  00A2	90 01 56		MOV	DPTR,#TAB_B
   92:	  00A5	22			RET
   93:	  00A6	BB 43 04	PT_C:	CJNE	R3,#'C',PT_D
   94:	  00A9	90 01 5E		MOV	DPTR,#TAB_C
   95:	  00AC	22			RET
   96:	  00AD	BB 44 04	PT_D:	CJNE	R3,#'D',PT_E
   97:	  00B0	90 01 66		MOV	DPTR,#TAB_D
   98:	  00B3	22			RET
   99:	  00B4	BB 45 04	PT_E:	CJNE	R3,#'E',PT_F

ASEM-51 V1.3                                         Copyright (c) 2002 by W.W. Heinz                                         PAGE 3



 Line  I  Addr  Code            Source

  100:	  00B7	90 01 6E		MOV	DPTR,#TAB_E
  101:	  00BA	22			RET
  102:	  00BB	BB 46 04	PT_F:	CJNE	R3,#'F',PT_G
  103:	  00BE	90 01 76		MOV	DPTR,#TAB_F
  104:	  00C1	22			RET
  105:	  00C2	BB 47 04	PT_G:	CJNE	R3,#'G',PT_H
  106:	  00C5	90 01 7E		MOV	DPTR,#TAB_G
  107:	  00C8	22			RET
  108:	  00C9	BB 48 04	PT_H:	CJNE	R3,#'H',PT_I
  109:	  00CC	90 01 86		MOV	DPTR,#TAB_H
  110:	  00CF	22			RET
  111:	  00D0	BB 49 04	PT_I:	CJNE	R3,#'I',PT_J
  112:	  00D3	90 01 8E		MOV	DPTR,#TAB_I
  113:	  00D6	22			RET
  114:	  00D7	BB 4A 04	PT_J:	CJNE	R3,#'J',PT_K
  115:	  00DA	90 01 96		MOV	DPTR,#TAB_J
  116:	  00DD	22			RET
  117:	  00DE	BB 4B 04	PT_K:	CJNE	R3,#'K',PT_L
  118:	  00E1	90 01 9E		MOV	DPTR,#TAB_K
  119:	  00E4	22			RET
  120:	  00E5	BB 4C 04	PT_L:	CJNE	R3,#'L',PT_M
  121:	  00E8	90 01 A6		MOV	DPTR,#TAB_L
  122:	  00EB	22			RET
  123:	  00EC	BB 4D 04	PT_M:	CJNE	R3,#'M',PT_N
  124:	  00EF	90 01 AE		MOV	DPTR,#TAB_M
  125:	  00F2	22			RET
  126:	  00F3	BB 4E 04	PT_N:	CJNE	R3,#'N',PT_O
  127:	  00F6	90 01 B6		MOV	DPTR,#TAB_N
  128:	  00F9	22			RET
  129:	  00FA	BB 4F 04	PT_O:	CJNE	R3,#'O',PT_P
  130:	  00FD	90 01 BE		MOV	DPTR,#TAB_O
  131:	  0100	22			RET
  132:	  0101	BB 50 04	PT_P:	CJNE	R3,#'P',PT_Q
  133:	  0104	90 01 C6		MOV	DPTR,#TAB_P
  134:	  0107	22			RET
  135:	  0108	BB 51 04	PT_Q:	CJNE	R3,#'Q',PT_R
  136:	  010B	90 01 CE		MOV	DPTR,#TAB_Q
  137:	  010E	22			RET
  138:	  010F	BB 52 04	PT_R:	CJNE	R3,#'R',PT_S
  139:	  0112	90 01 D6		MOV	DPTR,#TAB_R
  140:	  0115	22			RET
  141:	  0116	BB 53 04	PT_S:	CJNE	R3,#'S',PT_T
  142:	  0119	90 01 DE		MOV	DPTR,#TAB_S
  143:	  011C	22			RET
  144:	  011D	BB 54 04	PT_T:	CJNE	R3,#'T',PT_U
  145:	  0120	90 01 E6		MOV	DPTR,#TAB_T
  146:	  0123	22			RET
  147:	  0124	BB 55 04	PT_U:	CJNE	R3,#'U',PT_V
  148:	  0127	90 01 EE		MOV	DPTR,#TAB_U
  149:	  012A	22			RET
  150:	  012B	BB 56 04	PT_V:	CJNE	R3,#'V',PT_W
  151:	  012E	90 01 F6		MOV	DPTR,#TAB_V
  152:	  0131	22			RET
  153:	  0132	BB 57 04	PT_W:	CJNE	R3,#'W',PT_X
  154:	  0135	90 01 FE		MOV	DPTR,#TAB_W
  155:	  0138	22			RET

ASEM-51 V1.3                                         Copyright (c) 2002 by W.W. Heinz                                         PAGE 4



 Line  I  Addr  Code            Source

  156:	  0139	BB 58 04	PT_X:	CJNE	R3,#'X',PT_Y
  157:	  013C	90 02 06		MOV	DPTR,#TAB_X
  158:	  013F	22			RET
  159:	  0140	BB 59 04	PT_Y:	CJNE	R3,#'Y',PT_Z
  160:	  0143	90 02 0E		MOV	DPTR,#TAB_Y
  161:	  0146	22			RET
  162:	  0147	BB 5A 03	PT_Z:	CJNE	R3,#'Z',FIIM
  163:	  014A	90 02 16		MOV	DPTR,#TAB_Z
  164:	  014D	22		FIIM:	RET
  165:				;********************************************************************************
  166:	  014E	FF 81 F6 F6	TAB_A:	DB	0FFh, 081h, 0F6h, 0F6h, 0F6h, 081h, 0FFh, 0
	  0152	F6 81 FF 00
  167:	  0156	FF 80 B6 B6	TAB_B:	DB	0FFh, 080h, 0B6h, 0B6h, 0B6h, 0C9h, 0FFh, 0
	  015A	B6 C9 FF 00
  168:	  015E	FF C1 BE BE	TAB_C:	DB	0FFh, 0C1h, 0BEh, 0BEh, 0BEh, 0DDh, 0FFh, 0
	  0162	BE DD FF 00
  169:	  0166	FF 80 BE BE	TAB_D:	DB	0FFh, 080h, 0BEh, 0BEh, 0BEh, 0C1h, 0FFh, 0
	  016A	BE C1 FF 00
  170:	  016E	FF 80 B6 B6	TAB_E:	DB	0FFh, 080h, 0B6h, 0B6h, 0B6h, 0BEh, 0FFh, 0
	  0172	B6 BE FF 00
  171:	  0176	FF 80 B6 B6	TAB_F:	DB	0FFh, 080h, 0B6h, 0B6h, 0B6h, 0BEh, 0FFh, 0
	  017A	B6 BE FF 00
  172:	  017E	FF C1 BE BE	TAB_G:	DB	0FFh, 0C1h, 0BEh, 0BEh, 0AEh, 0CDh, 0FFh, 0
	  0182	AE CD FF 00
  173:	  0186	FF 80 F7 F7	TAB_H:	DB	0FFh, 080h, 0F7h, 0F7h, 0F7h, 080h, 0FFh, 0
	  018A	F7 80 FF 00
  174:	  018E	FF BE BE 80	TAB_I:	DB	0FFh, 0BEh, 0BEh, 080h, 0BEh, 0BEh, 0FFh, 0
	  0192	BE BE FF 00
  175:	  0196	FF BF BE BE	TAB_J:	DB	0FFh, 0BFh, 0BEh, 0BEh, 0BEh, 0C0h, 0FFh, 0
	  019A	BE C0 FF 00
  176:	  019E	FF 80 F7 EB	TAB_K:	DB	0FFh, 080h, 0F7h, 0EBh, 0DDh, 0BEh, 0FFh, 0
	  01A2	DD BE FF 00
  177:	  01A6	FF 80 BF BF	TAB_L:	DB	0FFh, 080h, 0BFh, 0BFh, 0BFh, 0BFh, 0FFh, 0
	  01AA	BF BF FF 00
  178:	  01AE	FF 80 F9 F7	TAB_M:	DB	0FFh, 080h, 0F9h, 0F7h, 0F9h, 080h, 0FFh, 0
	  01B2	F9 80 FF 00
  179:	  01B6	FF 80 F9 F7	TAB_N:	DB	0FFh, 080h, 0F9h, 0F7h, 0CFh, 080h, 0FFh, 0
	  01BA	CF 80 FF 00
  180:	  01BE	FF C1 BE BE	TAB_O:	DB	0FFh, 0C1h, 0BEh, 0BEh, 0BEh, 0C1h, 0FFh, 0
	  01C2	BE C1 FF 00
  181:	  01C6	FF 80 F6 F6	TAB_P:	DB	0FFh, 080h, 0F6h, 0F6h, 0F6h, 0F9h, 0FFh, 0
	  01CA	F6 F9 FF 00
  182:	  01CE	FF C1 BE BE	TAB_Q:	DB	0FFh, 0C1h, 0BEh, 0BEh, 09Eh, 081h, 0FFh, 0
	  01D2	9E 81 FF 00
  183:	  01D6	FF 80 F6 F6	TAB_R:	DB	0FFh, 080h, 0F6h, 0F6h, 0F6h, 089h, 0FFh, 0
	  01DA	F6 89 FF 00
  184:	  01DE	FF D1 B6 B6	TAB_S:	DB	0FFh, 0D1h, 0B6h, 0B6h, 0B6h, 0CDh, 0FFh, 0
	  01E2	B6 CD FF 00
  185:	  01E6	FF FE FE 80	TAB_T:	DB	0FFh, 0FEh, 0FEh, 080h, 0FEh, 0FEh, 0FFh, 0
	  01EA	FE FE FF 00
  186:	  01EE	FF C0 BF BF	TAB_U:	DB	0FFh, 0C0h, 0BFh, 0BFh, 0BFh, 0C0h, 0FFh, 0
	  01F2	BF C0 FF 00
  187:	  01F6	FF F0 CF BF	TAB_V:	DB	0FFh, 0F0h, 0CFh, 0BFh, 0CFh, 0F0h, 0FFh, 0
	  01FA	CF F0 FF 00
  188:	  01FE	FF E0 9F E7	TAB_W:	DB	0FFh, 0E0h, 09Fh, 0E7h, 09Fh, 0E0h, 0FFh, 0
	  0202	9F E0 FF 00

ASEM-51 V1.3                                         Copyright (c) 2002 by W.W. Heinz                                         PAGE 5



 Line  I  Addr  Code            Source

  189:	  0206	FF 9C EB F7	TAB_X:	DB	0FFh, 09Ch, 0EBh, 0F7h, 0EBh, 09Ch, 0FFh, 0
	  020A	EB 9C FF 00
  190:	  020E	FF F8 F7 8F	TAB_Y:	DB	0FFh, 0F8h, 0F7h, 08Fh, 0F7h, 0F8h, 0FFh, 0
	  0212	F7 F8 FF 00
  191:	  0216	FF 9E AE B6	TAB_Z:	DB	0FFh, 09Eh, 0AEh, 0B6h, 0BAh, 0BCh, 0FFh, 0
	  021A	BA BC FF 00
  192:				;********************************************************************************
  193:					END





                     register banks used:  ---

                     no errors




ASEM-51 V1.3                                         Copyright (c) 2002 by W.W. Heinz                                         PAGE 6





	       L I S T   O F   S Y M B O L S
	       =============================


SYMBOL				  TYPE     VALUE	LINE
------------------------------------------------------------
??ASEM_51			  NUMBER    8051
??VERSION			  NUMBER    0130
AC				  BIT	      D6
ACC				  DATA	      E0
B				  DATA	      F0
CNT				  NUMBER    0090	  15
CNTRL				  CODE	    007A	  66
CY				  BIT	      D7
DADO				  CODE	    0083	  72
DELAY				  CODE	    008F	  81
DPH				  DATA	      83
DPL				  DATA	      82
EA				  BIT	      AF
ES				  BIT	      AC
ET0				  BIT	      A9
ET1				  BIT	      AB
EX0				  BIT	      A8
EX1				  BIT	      AA
EXTI0				  CODE	    0003
EXTI1				  CODE	    0013
F0				  BIT	      D5
FIIIM				  CODE	    0066	  47
FIIM				  CODE	    014D	 164
FIM				  CODE	    008C	  78
FLAG				  NUMBER    0000	  16
IE				  DATA	      A8
IE0				  BIT	      89
IE1				  BIT	      8B
INICIO				  CODE	    0025	  18
INT0				  BIT	      B2
INT1				  BIT	      B3
INT_0				  CODE	    0059	  41
INT_1				  CODE	    0073	  56
IP				  DATA	      B8
IT0				  BIT	      88
IT1				  BIT	      8A
MAIN				  CODE	    004E	  35
NZ				  CODE	    0082	  70
OV				  BIT	      D2
P				  BIT	      D0
P0				  DATA	      80
P1				  DATA	      90
P2				  DATA	      A0
P3				  DATA	      B0
PCON				  DATA	      87
PNT1				  CODE	    0062	  45
PS				  BIT	      BC
PSW				  DATA	      D0
PT0				  BIT	      B9
PT1				  BIT	      BB

ASEM-51 V1.3                                         Copyright (c) 2002 by W.W. Heinz                                         PAGE 7



SYMBOL				  TYPE     VALUE	LINE
------------------------------------------------------------
PT_B				  CODE	    009F	  90
PT_C				  CODE	    00A6	  93
PT_D				  CODE	    00AD	  96
PT_E				  CODE	    00B4	  99
PT_F				  CODE	    00BB	 102
PT_G				  CODE	    00C2	 105
PT_H				  CODE	    00C9	 108
PT_I				  CODE	    00D0	 111
PT_J				  CODE	    00D7	 114
PT_K				  CODE	    00DE	 117
PT_L				  CODE	    00E5	 120
PT_M				  CODE	    00EC	 123
PT_N				  CODE	    00F3	 126
PT_O				  CODE	    00FA	 129
PT_P				  CODE	    0101	 132
PT_Q				  CODE	    0108	 135
PT_R				  CODE	    010F	 138
PT_S				  CODE	    0116	 141
PT_T				  CODE	    011D	 144
PT_U				  CODE	    0124	 147
PT_V				  CODE	    012B	 150
PT_W				  CODE	    0132	 153
PT_X				  CODE	    0139	 156
PT_Y				  CODE	    0140	 159
PT_Z				  CODE	    0147	 162
PX0				  BIT	      B8
PX1				  BIT	      BA
RB8				  BIT	      9A
RD				  BIT	      B7
REN				  BIT	      9C
RESET				  CODE	    0000
RI				  BIT	      98
RS0				  BIT	      D3
RS1				  BIT	      D4
RXD				  BIT	      B0
SAI				  CODE	    006C	  52
SAIDA				  NUMBER    00A0	  14
SBUF				  DATA	      99
SCON				  DATA	      98
SELEC				  CODE	    0098	  87
SERIAL				  CODE	    0075	  62
SINT				  CODE	    0023
SM0				  BIT	      9F
SM1				  BIT	      9E
SM2				  BIT	      9D
SP				  DATA	      81
T0				  BIT	      B4
T1				  BIT	      B5
TAB_A				  CODE	    014E	 166
TAB_B				  CODE	    0156	 167
TAB_C				  CODE	    015E	 168
TAB_D				  CODE	    0166	 169
TAB_E				  CODE	    016E	 170
TAB_F				  CODE	    0176	 171
TAB_G				  CODE	    017E	 172
TAB_H				  CODE	    0186	 173

ASEM-51 V1.3                                         Copyright (c) 2002 by W.W. Heinz                                         PAGE 8



SYMBOL				  TYPE     VALUE	LINE
------------------------------------------------------------
TAB_I				  CODE	    018E	 174
TAB_J				  CODE	    0196	 175
TAB_K				  CODE	    019E	 176
TAB_L				  CODE	    01A6	 177
TAB_M				  CODE	    01AE	 178
TAB_N				  CODE	    01B6	 179
TAB_O				  CODE	    01BE	 180
TAB_P				  CODE	    01C6	 181
TAB_Q				  CODE	    01CE	 182
TAB_R				  CODE	    01D6	 183
TAB_S				  CODE	    01DE	 184
TAB_T				  CODE	    01E6	 185
TAB_U				  CODE	    01EE	 186
TAB_V				  CODE	    01F6	 187
TAB_W				  CODE	    01FE	 188
TAB_X				  CODE	    0206	 189
TAB_Y				  CODE	    020E	 190
TAB_Z				  CODE	    0216	 191
TB8				  BIT	      9B
TCON				  DATA	      88
TF0				  BIT	      8D
TF1				  BIT	      8F
TH0				  DATA	      8C
TH1				  DATA	      8D
TI				  BIT	      99
TIMER0				  CODE	    000B
TIMER1				  CODE	    001B
TIM_0				  CODE	    0067	  49
TIM_1				  CODE	    0074	  59
TL0				  DATA	      8A
TL1				  DATA	      8B
TMOD				  DATA	      89
TR0				  BIT	      8C
TR1				  BIT	      8E
TXD				  BIT	      B1
VOLTA				  CODE	    0091	  82
WR				  BIT	      B6
