
ASEM-51 V1.2                                         Copyright (c) 1996 by W.W. Heinz                                         PAGE 1





       MCS-51 Family Cross Assembler   A S E M - 5 1   V 1.2
       =====================================================



	Source File:	PRT001.ASM
	Object File:	PRT001.HEX
	List File:	PRT001.LST



 Line  I  Addr  Code            Source

    1:				;-------------------------------------------------------------------------------------------
    2:				;MECATRONICA INDUSTRIAL		MICROCONTROLADORES
    3:				;DOUGLAS LIMA BENEVIDES
    4:				;PRATICA - 02 			SEMAFORO
    5:				;07/02/2010			07/02/2010
    6:				;-------------------------------------------------------------------------------------------
    7:		N      0000			ORG		000h
    8:	  0000	01 1D				AJMP		INICIO
    9:		N      0003			ORG		003h
   10:	  0003	01 35				AJMP		INT_0
   11:		N      000B			ORG		00Bh
   12:	  000B	01 36				AJMP		TIM_0
   13:		N      0013			ORG		013h
   14:	  0013	01 00				AJMP		INT_1
								^
			  @@@@@ symbol not defined @@@@@

   15:		N      001B			ORG		01Bh
   16:	  001B	01 00				AJMP		TIM_1
								^
			  @@@@@ symbol not defined @@@@@

   17:				;-------------------------------------------------------------------------------------------
   18:
   19:				;-------------------------------------------------------------------------------------------
   20:	  001D	75 81 2F	INICIO:		MOV		SP,#02Fh
   21:	  0020	75 A8 83			MOV		IE,#083h
   22:	  0023	75 B8 03			MOV		IP,#003h
   23:
   24:	  0026	D2 88				SETB		IT0
   25:	  0028	D2 8C				SETB		TR0
   26:
   27:	  002A	75 89 01			MOV		TMOD,#001h
   28:	  002D	75 8C 3C			MOV		TH0,#03Ch
   29:	  0030	75 8A B0			MOV		TL0,#0B0h
   30:
   31:				;-------------------------------------------------------------------------------------------
   32:	  0033			MAIN:
   33:	  0033	01 33				AJMP		MAIN
   34:				;-------------------------------------------------------------------------------------------
   35:	  0035			INT_0:
   36:	  0035	32				RETI
   37:				;-------------------------------------------------------------------------------------------

ASEM-51 V1.2                                         Copyright (c) 1996 by W.W. Heinz                                         PAGE 2



 Line  I  Addr  Code            Source

   38:	  0036			TIM_0:
   39:	  0036	32				RETI
   40:				;-------------------------------------------------------------------------------------------
   41:						END





                     register banks used:  ---

                     2 errors detected




ASEM-51 V1.2                                         Copyright (c) 1996 by W.W. Heinz                                         PAGE 3





	       L I S T   O F   S Y M B O L S
	       =============================


SYMBOL				  TYPE     VALUE	LINE
------------------------------------------------------------
AC				  BIT	      D6
ACC				  DATA	      E0
B				  DATA	      F0
CY				  BIT	      D7
DPH				  DATA	      83
DPL				  DATA	      82
EA				  BIT	      AF
ES				  BIT	      AC
ET0				  BIT	      A9
ET1				  BIT	      AB
EX0				  BIT	      A8
EX1				  BIT	      AA
EXTI0				  CODE	    0003
EXTI1				  CODE	    0013
F0				  BIT	      D5
IE				  DATA	      A8
IE0				  BIT	      89
IE1				  BIT	      8B
INICIO				  CODE	    001D	  20
INT0				  BIT	      B2
INT1				  BIT	      B3
INT_0				  CODE	    0035	  35
IP				  DATA	      B8
IT0				  BIT	      88
IT1				  BIT	      8A
MAIN				  CODE	    0033	  32
OV				  BIT	      D2
P				  BIT	      D0
P0				  DATA	      80
P1				  DATA	      90
P2				  DATA	      A0
P3				  DATA	      B0
PCON				  DATA	      87
PS				  BIT	      BC
PSW				  DATA	      D0
PT0				  BIT	      B9
PT1				  BIT	      BB
PX0				  BIT	      B8
PX1				  BIT	      BA
RB8				  BIT	      9A
RD				  BIT	      B7
REN				  BIT	      9C
RESET				  CODE	    0000
RI				  BIT	      98
RS0				  BIT	      D3
RS1				  BIT	      D4
RXD				  BIT	      B0
SBUF				  DATA	      99
SCON				  DATA	      98
SINT				  CODE	    0023

ASEM-51 V1.2                                         Copyright (c) 1996 by W.W. Heinz                                         PAGE 4



SYMBOL				  TYPE     VALUE	LINE
------------------------------------------------------------
SM0				  BIT	      9F
SM1				  BIT	      9E
SM2				  BIT	      9D
SP				  DATA	      81
T0				  BIT	      B4
T1				  BIT	      B5
TB8				  BIT	      9B
TCON				  DATA	      88
TF0				  BIT	      8D
TF1				  BIT	      8F
TH0				  DATA	      8C
TH1				  DATA	      8D
TI				  BIT	      99
TIMER0				  CODE	    000B
TIMER1				  CODE	    001B
TIM_0				  CODE	    0036	  38
TL0				  DATA	      8A
TL1				  DATA	      8B
TMOD				  DATA	      89
TR0				  BIT	      8C
TR1				  BIT	      8E
TXD				  BIT	      B1
WR				  BIT	      B6
