
ASEM-51 V1.2                                         Copyright (c) 1996 by W.W. Heinz                                         PAGE 1





       MCS-51 Family Cross Assembler   A S E M - 5 1   V 1.2
       =====================================================



	Source File:	PRT002.ASM
	Object File:	PRT002.HEX
	List File:	PRT002.LST



 Line  I  Addr  Code            Source

    1:				;--------------------------------------------------------------------------------------------------
    2:				;MECATRONICA INDUSTRIAL		MICROCONTROLADORES
    3:				;DOUGLAS LIMA BENEVIDES
    4:				;PRATICA - 02 			SEMAFORO
    5:				;21/02/2010			21/02/2010
    6:				;--------------------------------------------------------------------------------------------------
    7:		D      0090	SEM		EQU		P1
    8:		D      00A0	SAIDA		EQU		P2
    9:		B      00B2	CHAVE		EQU		P3.2
   10:				;--------------------------------------------------------------------------------------------------
   11:	  0000	75 90 23	INICIO:		MOV		SEM,#023h
   12:	  0003	20 B2 FD			JB		CHAVE,$
   13:	  0006	74 10				MOV		A,#010h
   14:	  0008	11 36				ACALL		MUL_DLY
   15:	  000A	75 90 25			MOV		SEM,#025h
   16:	  000D	74 20				MOV		A,#020h
   17:	  000F	11 36				ACALL		MUL_DLY
   18:	  0011	75 90 16			MOV		SEM,#016h
   19:	  0014	11 1F				ACALL		CONTA
   20:	  0016	75 90 26			MOV		SEM,#026h
   21:	  0019	74 20				MOV		A,#020h
   22:	  001B	11 36				ACALL		MUL_DLY
   23:	  001D	01 00				AJMP		INICIO
   24:				;--------------------------------------------------------------------------------------------------
   25:	  001F	90 00 45	CONTA:		MOV		DPTR,#TABELA
   26:	  0022	7F 0A				MOV		R7,#10
   27:	  0024	EF		LOOP0:		MOV		A,R7
   28:	  0025	93				MOVC		A,@A+DPTR
   29:	  0026	B4 00 04			CJNE		A,#0,LOOP1
   30:	  0029	75 A0 FF			MOV		SAIDA,#0FFh
   31:	  002C	22				RET
   32:	  002D	F5 A0		LOOP1:		MOV		SAIDA,A
   33:	  002F	1F				dec		R7
   34:	  0030	74 0A				MOV		A,#00Ah
   35:	  0032	11 36				ACALL		MUL_DLY
   36:	  0034	01 24				AJMP		LOOP0
   37:				;--------------------------------------------------------------------------------------------------
   38:	  0036	FA		MUL_DLY:	MOV		R2,A
   39:	  0037	11 3C		AQUI:		ACALL		DELAY
   40:	  0039	DA FC				DJNZ		R2,AQUI
   41:	  003B	22				RET
   42:				;--------------------------------------------------------------------------------------------------
   43:	  003C	78 FF		DELAY:		MOV		R0,#0FFh

ASEM-51 V1.2                                         Copyright (c) 1996 by W.W. Heinz                                         PAGE 2



 Line  I  Addr  Code            Source

   44:	  003E	79 C1		VOLTA:		MOV		R1,#0193
   45:	  0040	D9 FE				DJNZ		R1,$
   46:	  0042	D8 FA				DJNZ		R0,VOLTA
   47:	  0044	22				RET
   48:				;--------------------------------------------------------------------------------------------------
   49:	  0045	00 03 9F 25	TABELA:		DB		0, 003h, 09Fh, 025h, 00Dh, 099h, 049h, 041h, 01Fh, 001h, 009h, 0
	  0049	0D 99 49 41
	  004D	1F 01 09 00
   50:				;--------------------------------------------------------------------------------------------------
   51:						END





                     register banks used:  ---

                     no errors




ASEM-51 V1.2                                         Copyright (c) 1996 by W.W. Heinz                                         PAGE 3





	       L I S T   O F   S Y M B O L S
	       =============================


SYMBOL				  TYPE     VALUE	LINE
------------------------------------------------------------
AC				  BIT	      D6
ACC				  DATA	      E0
AQUI				  CODE	    0037	  39
B				  DATA	      F0
CHAVE				  NUMBER    00B2	   9
CONTA				  CODE	    001F	  25
CY				  BIT	      D7
DELAY				  CODE	    003C	  43
DPH				  DATA	      83
DPL				  DATA	      82
EA				  BIT	      AF
ES				  BIT	      AC
ET0				  BIT	      A9
ET1				  BIT	      AB
EX0				  BIT	      A8
EX1				  BIT	      AA
EXTI0				  CODE	    0003
EXTI1				  CODE	    0013
F0				  BIT	      D5
IE				  DATA	      A8
IE0				  BIT	      89
IE1				  BIT	      8B
INICIO				  CODE	    0000	  11
INT0				  BIT	      B2
INT1				  BIT	      B3
IP				  DATA	      B8
IT0				  BIT	      88
IT1				  BIT	      8A
LOOP0				  CODE	    0024	  27
LOOP1				  CODE	    002D	  32
MUL_DLY				  CODE	    0036	  38
OV				  BIT	      D2
P				  BIT	      D0
P0				  DATA	      80
P1				  DATA	      90
P2				  DATA	      A0
P3				  DATA	      B0
PCON				  DATA	      87
PS				  BIT	      BC
PSW				  DATA	      D0
PT0				  BIT	      B9
PT1				  BIT	      BB
PX0				  BIT	      B8
PX1				  BIT	      BA
RB8				  BIT	      9A
RD				  BIT	      B7
REN				  BIT	      9C
RESET				  CODE	    0000
RI				  BIT	      98
RS0				  BIT	      D3

ASEM-51 V1.2                                         Copyright (c) 1996 by W.W. Heinz                                         PAGE 4



SYMBOL				  TYPE     VALUE	LINE
------------------------------------------------------------
RS1				  BIT	      D4
RXD				  BIT	      B0
SAIDA				  NUMBER    00A0	   8
SBUF				  DATA	      99
SCON				  DATA	      98
SEM				  NUMBER    0090	   7
SINT				  CODE	    0023
SM0				  BIT	      9F
SM1				  BIT	      9E
SM2				  BIT	      9D
SP				  DATA	      81
T0				  BIT	      B4
T1				  BIT	      B5
TABELA				  CODE	    0045	  49
TB8				  BIT	      9B
TCON				  DATA	      88
TF0				  BIT	      8D
TF1				  BIT	      8F
TH0				  DATA	      8C
TH1				  DATA	      8D
TI				  BIT	      99
TIMER0				  CODE	    000B
TIMER1				  CODE	    001B
TL0				  DATA	      8A
TL1				  DATA	      8B
TMOD				  DATA	      89
TR0				  BIT	      8C
TR1				  BIT	      8E
TXD				  BIT	      B1
VOLTA				  CODE	    003E	  44
WR				  BIT	      B6
