
ASEM-51 V1.2                                         Copyright (c) 1996 by W.W. Heinz                                         PAGE 1





       MCS-51 Family Cross Assembler   A S E M - 5 1   V 1.2
       =====================================================



	Source File:	PRAT003.ASM
	Object File:	PRAT003.HEX
	List File:	PRAT003.LST



 Line  I  Addr  Code            Source

    1:		N      0000			ORG		000h
    2:	  0000	01 1D				AJMP		INICIO
    3:		N      0003			ORG		003h
    4:	  0003	01 3F				AJMP		EXT_0
    5:		N      000B			ORG		00Bh
    6:	  000B	01 51				AJMP		TIM_0
    7:		N      0013			ORG		013h
    8:	  0013	01 48				AJMP		EXT_1
    9:		N      001B			ORG		01Bh
   10:	  001B	01 5A				AJMP		TIM_1
   11:				;-----------------------------------------------------
   12:	  001D	75 81 3F	INICIO:		MOV		SP,#03Fh
   13:
   14:	  0020	75 A8 8F			MOV		IE,#08Fh
   15:	  0023	75 B8 0A			MOV		IP,#00Ah
   16:
   17:	  0026	75 89 22			MOV		TMOD,#022h
   18:
   19:				;		MOV		TH0,#0FCh
   20:	  0029	75 8A 38			MOV		TL0,#056		;#018h
   21:
   22:				;		MOV		TH1,#0FEh
   23:	  002C	75 8B 9C			MOV		TL1,#156		;00Ch
   24:
   25:	  002F	D2 8C				SETB		TR0
   26:	  0031	D2 8E				SETB		TR1
   27:
   28:	  0033	C2 88				CLR		IT0
   29:	  0035	C2 8A				CLR		IT1
   30:
   31:	  0037	7A C8				MOV		R2,#200
   32:	  0039	7B 64				MOV		R3,#100
   33:	  003B	7C 64				MOV		R4,#100
   34:				;-----------------------------------------------------
   35:	  003D			MAIN:
   36:	  003D	01 3D				AJMP		MAIN
   37:				;-----------------------------------------------------
   38:	  003F	0C		EXT_0:		INC		R4
   39:	  0040	11 63				ACALL		DELAY
   40:	  0042	BC C7 02			CJNE		R4,#199,SAI_0
   41:	  0045	7C C6				MOV		R4,#198
   42:	  0047	32		SAI_0:		RETI
   43:				;-----------------------------------------------------

ASEM-51 V1.2                                         Copyright (c) 1996 by W.W. Heinz                                         PAGE 2



 Line  I  Addr  Code            Source

   44:	  0048	1C		EXT_1:		DEC		R4
   45:	  0049	11 63				ACALL		DELAY
   46:	  004B	BC 01 02			CJNE		R4,#001,SAI_1
   47:	  004E	7C 02				MOV		R4,#002
   48:	  0050	32		SAI_1:		RETI
   49:				;-----------------------------------------------------
   50:	  0051	DA 06		TIM_0:		DJNZ		R2,FIM_0
   51:	  0053	D2 A0				SETB		P2.0
   52:	  0055	7A C8				MOV		R2,#0200
   53:	  0057	D2 8E				SETB		TR1
   54:	  0059	32		FIM_0:		RETI
   55:				;-----------------------------------------------------
   56:	  005A	DB 06		TIM_1:		DJNZ		R3,FIM_1
   57:	  005C	C2 A0				CLR		P2.0
   58:	  005E	EC				MOV		A,R4
   59:	  005F	FB				MOV		R3,A
   60:	  0060	C2 8E				CLR		TR1
   61:	  0062	32		FIM_1:		RETI
   62:				;-----------------------------------------------------
   63:	  0063	78 FF		DELAY:		MOV		R0,#0FFh
   64:	  0065	79 10		VOLTA:		MOV		R1,#010h
   65:	  0067	D9 FE				DJNZ		R1,$
   66:	  0069	D8 FA				DJNZ		R0,VOLTA
   67:	  006B	22				RET
   68:				;-----------------------------------------------------
   69:						END





                     register banks used:  ---

                     no errors




ASEM-51 V1.2                                         Copyright (c) 1996 by W.W. Heinz                                         PAGE 3





	       L I S T   O F   S Y M B O L S
	       =============================


SYMBOL				  TYPE     VALUE	LINE
------------------------------------------------------------
AC				  BIT	      D6
ACC				  DATA	      E0
B				  DATA	      F0
CY				  BIT	      D7
DELAY				  CODE	    0063	  63
DPH				  DATA	      83
DPL				  DATA	      82
EA				  BIT	      AF
ES				  BIT	      AC
ET0				  BIT	      A9
ET1				  BIT	      AB
EX0				  BIT	      A8
EX1				  BIT	      AA
EXTI0				  CODE	    0003
EXTI1				  CODE	    0013
EXT_0				  CODE	    003F	  38
EXT_1				  CODE	    0048	  44
F0				  BIT	      D5
FIM_0				  CODE	    0059	  54
FIM_1				  CODE	    0062	  61
IE				  DATA	      A8
IE0				  BIT	      89
IE1				  BIT	      8B
INICIO				  CODE	    001D	  12
INT0				  BIT	      B2
INT1				  BIT	      B3
IP				  DATA	      B8
IT0				  BIT	      88
IT1				  BIT	      8A
MAIN				  CODE	    003D	  35
OV				  BIT	      D2
P				  BIT	      D0
P0				  DATA	      80
P1				  DATA	      90
P2				  DATA	      A0
P3				  DATA	      B0
PCON				  DATA	      87
PS				  BIT	      BC
PSW				  DATA	      D0
PT0				  BIT	      B9
PT1				  BIT	      BB
PX0				  BIT	      B8
PX1				  BIT	      BA
RB8				  BIT	      9A
RD				  BIT	      B7
REN				  BIT	      9C
RESET				  CODE	    0000
RI				  BIT	      98
RS0				  BIT	      D3
RS1				  BIT	      D4

ASEM-51 V1.2                                         Copyright (c) 1996 by W.W. Heinz                                         PAGE 4



SYMBOL				  TYPE     VALUE	LINE
------------------------------------------------------------
RXD				  BIT	      B0
SAI_0				  CODE	    0047	  42
SAI_1				  CODE	    0050	  48
SBUF				  DATA	      99
SCON				  DATA	      98
SINT				  CODE	    0023
SM0				  BIT	      9F
SM1				  BIT	      9E
SM2				  BIT	      9D
SP				  DATA	      81
T0				  BIT	      B4
T1				  BIT	      B5
TB8				  BIT	      9B
TCON				  DATA	      88
TF0				  BIT	      8D
TF1				  BIT	      8F
TH0				  DATA	      8C
TH1				  DATA	      8D
TI				  BIT	      99
TIMER0				  CODE	    000B
TIMER1				  CODE	    001B
TIM_0				  CODE	    0051	  50
TIM_1				  CODE	    005A	  56
TL0				  DATA	      8A
TL1				  DATA	      8B
TMOD				  DATA	      89
TR0				  BIT	      8C
TR1				  BIT	      8E
TXD				  BIT	      B1
VOLTA				  CODE	    0065	  64
WR				  BIT	      B6
