
ASEM-51 V1.3                                         Copyright (c) 2002 by W.W. Heinz                                         PAGE 1





       MCS-51 Family Macro Assembler   A S E M - 5 1   V 1.3
       =====================================================



	Source File:	prt003.ASM
	Object File:	prt003.hex
	List File:	prt003.lst



 Line  I  Addr  Code            Source

    1:		N      0000			ORG		000h
    2:	  0000	01 1D				AJMP		INICIO
    3:		N      0003			ORG		003h
    4:	  0003	01 49				AJMP		EXT_0
    5:		N      000B			ORG		00Bh
    6:	  000B	01 4F				AJMP		TIM_0
    7:		N      0013			ORG		013h
    8:	  0013	01 4C				AJMP		EXT_1
    9:		N      001B			ORG		01Bh
   10:	  001B	01 77				AJMP		TIM_1
   11:				;-----------------------------------------------------------------------------
   12:		B      00A0	SAIDA		EQU		P2.0
   13:		N      0000	FLAG		EQU		000h
   14:				;-----------------------------------------------------------------------------
   15:	  001D	75 81 3F	INICIO:		MOV		SP,#03Fh
   16:	  0020	75 A8 8F			MOV		IE,#08Fh
   17:	  0023	75 B8 0A			MOV		IP,#00Ah
   18:
   19:	  0026	75 89 11			MOV		TMOD,#011h
   20:
   21:	  0029	75 8C B1			MOV		TH0,#0B1h
   22:	  002C	75 8A E0			MOV		TL0,#0E0h
   23:
   24:	  002F	75 8D FC			MOV		TH1,#0FCh
   25:	  0032	75 8B 18			MOV		TL1,#018h
   26:
   27:	  0035	D2 8C				SETB		TR0
   28:	  0037	C2 8E				CLR		TR1
   29:
   30:	  0039	D2 88				SETB		IT0
   31:	  003B	D2 8A				SETB		IT1
   32:
   33:	  003D	78 02				MOV		R0,#002
   34:	  003F	7B 0A				MOV		R3,#010
   35:	  0041	7C 0A				MOV		R4,#010
   36:	  0043	7D 0A				MOV		R5,#010
   37:	  0045	7E 0A				MOV		R6,#010
   38:	  0047			MAIN:
   39:	  0047	01 47				AJMP		MAIN
   40:				;-----------------------------------------------------------------------------
   41:	  0049	0D		EXT_0:		INC		R5
   42:	  004A	1E				DEC		R6
   43:	  004B	32				RETI

ASEM-51 V1.3                                         Copyright (c) 2002 by W.W. Heinz                                         PAGE 2



 Line  I  Addr  Code            Source

   44:				;-----------------------------------------------------------------------------
   45:	  004C	0E		EXT_1:		INC		R6
   46:	  004D	1D				DEC		R5
   47:	  004E	32				RETI
   48:				;-----------------------------------------------------------------------------
   49:	  004F	20 00 0F	TIM_0:		JB		FLAG,NO_DUTY
   50:	  0052	D2 A0		DUTY:		SETB		SAIDA
   51:	  0054	DB 1A				DJNZ		R3,FIM
   52:	  0056	ED				MOV		A,R5
   53:	  0057	B4 00 04			CJNE		A,#0,N_ZERA
   54:	  005A	C2 A0				CLR		SAIDA
   55:	  005C	01 5F				AJMP		ZERA
   56:	  005E	FB		N_ZERA:		MOV		R3,A
   57:	  005F	D2 00		ZERA:		SETB		FLAG
   58:
   59:	  0061	C2 A0		NO_DUTY:	CLR		SAIDA
   60:	  0063	DC 0B				DJNZ		R4,FIM
   61:	  0065	EE				MOV		A,R6
   62:	  0066	B4 14 04			CJNE		A,#020,N_SETA
   63:	  0069	D2 A0				SETB		SAIDA
   64:	  006B	01 6E				AJMP		SETA
   65:	  006D	FC		N_SETA:		MOV		R4,A
   66:	  006E	C2 00		SETA:		CLR		FLAG
   67:
   68:	  0070	75 8C FC	FIM:		MOV		TH0,#0FCh
   69:	  0073	75 8A 18			MOV		TL0,#018h
   70:	  0076	32				RETI
   71:				;-----------------------------------------------------------------------------
   72:	  0077			TIM_1:
   73:	  0077	32				RETI
   74:				;-----------------------------------------------------------------------------
   75:	  0078	79 FF		TEMPO:		MOV		R1,#0FFh
   76:	  007A	7A 05		NOVO:		MOV		R2,#005h
   77:	  007C	DA FE				DJNZ		R2,$
   78:	  007E	D9 FA				DJNZ		R1,NOVO
   79:	  0080	22				RET
   80:				;-----------------------------------------------------------------------------
   81:						END





                     register banks used:  ---

                     no errors




ASEM-51 V1.3                                         Copyright (c) 2002 by W.W. Heinz                                         PAGE 3





	       L I S T   O F   S Y M B O L S
	       =============================


SYMBOL				  TYPE     VALUE	LINE
------------------------------------------------------------
??ASEM_51			  NUMBER    8051
??VERSION			  NUMBER    0130
AC				  BIT	      D6
ACC				  DATA	      E0
B				  DATA	      F0
CY				  BIT	      D7
DPH				  DATA	      83
DPL				  DATA	      82
DUTY				  CODE	    0052	  50
EA				  BIT	      AF
ES				  BIT	      AC
ET0				  BIT	      A9
ET1				  BIT	      AB
EX0				  BIT	      A8
EX1				  BIT	      AA
EXTI0				  CODE	    0003
EXTI1				  CODE	    0013
EXT_0				  CODE	    0049	  41
EXT_1				  CODE	    004C	  45
F0				  BIT	      D5
FIM				  CODE	    0070	  68
FLAG				  NUMBER    0000	  13
IE				  DATA	      A8
IE0				  BIT	      89
IE1				  BIT	      8B
INICIO				  CODE	    001D	  15
INT0				  BIT	      B2
INT1				  BIT	      B3
IP				  DATA	      B8
IT0				  BIT	      88
IT1				  BIT	      8A
MAIN				  CODE	    0047	  38
NOVO				  CODE	    007A	  76
NO_DUTY				  CODE	    0061	  59
N_SETA				  CODE	    006D	  65
N_ZERA				  CODE	    005E	  56
OV				  BIT	      D2
P				  BIT	      D0
P0				  DATA	      80
P1				  DATA	      90
P2				  DATA	      A0
P3				  DATA	      B0
PCON				  DATA	      87
PS				  BIT	      BC
PSW				  DATA	      D0
PT0				  BIT	      B9
PT1				  BIT	      BB
PX0				  BIT	      B8
PX1				  BIT	      BA
RB8				  BIT	      9A

ASEM-51 V1.3                                         Copyright (c) 2002 by W.W. Heinz                                         PAGE 4



SYMBOL				  TYPE     VALUE	LINE
------------------------------------------------------------
RD				  BIT	      B7
REN				  BIT	      9C
RESET				  CODE	    0000
RI				  BIT	      98
RS0				  BIT	      D3
RS1				  BIT	      D4
RXD				  BIT	      B0
SAIDA				  NUMBER    00A0	  12
SBUF				  DATA	      99
SCON				  DATA	      98
SETA				  CODE	    006E	  66
SINT				  CODE	    0023
SM0				  BIT	      9F
SM1				  BIT	      9E
SM2				  BIT	      9D
SP				  DATA	      81
T0				  BIT	      B4
T1				  BIT	      B5
TB8				  BIT	      9B
TCON				  DATA	      88
TEMPO				  CODE	    0078	  75
TF0				  BIT	      8D
TF1				  BIT	      8F
TH0				  DATA	      8C
TH1				  DATA	      8D
TI				  BIT	      99
TIMER0				  CODE	    000B
TIMER1				  CODE	    001B
TIM_0				  CODE	    004F	  49
TIM_1				  CODE	    0077	  72
TL0				  DATA	      8A
TL1				  DATA	      8B
TMOD				  DATA	      89
TR0				  BIT	      8C
TR1				  BIT	      8E
TXD				  BIT	      B1
WR				  BIT	      B6
ZERA				  CODE	    005F	  57
